#
# There is insufficient memory for the Java Runtime Environment to continue.
# Native memory allocation (mmap) failed to map 268435456 bytes for G1 virtual space
# Possible reasons:
#   The system is out of physical RAM or swap space
#   The process is running with CompressedOops enabled, and the Java Heap may be blocking the growth of the native heap
# Possible solutions:
#   Reduce memory load on the system
#   Increase physical memory or swap space
#   Check if swap backing store is full
#   Decrease Java heap size (-Xmx/-Xms)
#   Decrease number of Java threads
#   Decrease Java thread stack sizes (-Xss)
#   Set larger code cache with -XX:ReservedCodeCacheSize=
#   JVM is running with Zero Based Compressed Oops mode in which the Java heap is
#     placed in the first 32GB address space. The Java Heap base address is the
#     maximum limit for the native heap growth. Please use -XX:HeapBaseMinAddress
#     to set the Java Heap base and to place the Java Heap above 32GB virtual address.
# This output file may be truncated or incomplete.
#
#  Out of Memory Error (os_windows.cpp:3600), pid=15596, tid=16940
#
# JRE version:  (21.0.1+12) (build )
# Java VM: Java HotSpot(TM) 64-Bit Server VM (21.0.1+12-LTS-29, mixed mode, sharing, tiered, compressed oops, compressed class ptrs, g1 gc, windows-amd64)
# No core dump will be written. Minidumps are not enabled by default on client versions of Windows
#

---------------  S U M M A R Y ------------

Command Line: -Dfile.encoding=UTF-8 --module-path=G:\2DAM\INTERFACES\EditorTexto\build\classes com.EditarTexto.EditorTexto

Host: Intel(R) Core(TM) i5-7500 CPU @ 3.40GHz, 4 cores, 15G,  Windows 10 , 64 bit Build 19041 (10.0.19041.3570)
Time: Fri Oct 27 18:41:53 2023 Hora de verano GMT elapsed time: 0.022251 seconds (0d 0h 0m 0s)

---------------  T H R E A D  ---------------

Current thread (0x00000234fb5bb230):  JavaThread "Unknown thread" [_thread_in_vm, id=16940, stack(0x0000007bde700000,0x0000007bde800000) (1024K)]

Stack: [0x0000007bde700000,0x0000007bde800000]
Native frames: (J=compiled Java code, j=interpreted, Vv=VM code, C=native code)
V  [jvm.dll+0x6c9029]
V  [jvm.dll+0x854b81]
V  [jvm.dll+0x856e5e]
V  [jvm.dll+0x857543]
V  [jvm.dll+0x280c06]
V  [jvm.dll+0x6c5715]
V  [jvm.dll+0x6ba10a]
V  [jvm.dll+0x3557ea]
V  [jvm.dll+0x35d436]
V  [jvm.dll+0x3ae1be]
V  [jvm.dll+0x3ae468]
V  [jvm.dll+0x3291fc]
V  [jvm.dll+0x329d8b]
V  [jvm.dll+0x81d179]
V  [jvm.dll+0x3bb4f1]
V  [jvm.dll+0x805ae8]
V  [jvm.dll+0x44effe]
V  [jvm.dll+0x450901]
C  [jli.dll+0x52a3]
C  [ucrtbase.dll+0x21bb2]
C  [KERNEL32.DLL+0x17344]
C  [ntdll.dll+0x526b1]


---------------  P R O C E S S  ---------------

Threads class SMR info:
_java_thread_list=0x00007ffa68029b88, length=0, elements={
}

Java Threads: ( => current thread )
Total: 0

Other Threads:
  0x00000234fd7b7950 WorkerThread "GC Thread#0"                     [id=16448, stack(0x0000007bde800000,0x0000007bde900000) (1024K)]
  0x00000234fd7c9090 ConcurrentGCThread "G1 Main Marker"            [id=15812, stack(0x0000007bde900000,0x0000007bdea00000) (1024K)]
  0x00000234fd7c9aa0 WorkerThread "G1 Conc#0"                       [id=17460, stack(0x0000007bdea00000,0x0000007bdeb00000) (1024K)]

[error occurred during error reporting (printing all threads), id 0xc0000005, EXCEPTION_ACCESS_VIOLATION (0xc0000005) at pc=0x00007ffa6779c2c7]
VM state: not at safepoint (not fully initialized)

VM Mutex/Monitor currently owned by a thread:  ([mutex/lock_event])
[0x00007ffa6809a6f8] Heap_lock - owner thread: 0x00000234fb5bb230

Heap address: 0x0000000701e00000, size: 4066 MB, Compressed Oops mode: Zero based, Oop shift amount: 3

CDS archive(s) mapped at: [0x0000000000000000-0x0000000000000000-0x0000000000000000), size 0, SharedBaseAddress: 0x0000000800000000, ArchiveRelocationMode: 1.
Narrow klass base: 0x0000000000000000, Narrow klass shift: 0, Narrow klass range: 0x0

GC Precious Log:
 CardTable entry size: 512
 Card Set container configuration: InlinePtr #cards 4 size 8 Array Of Cards #cards 16 size 48 Howl #buckets 8 coarsen threshold 3686 Howl Bitmap #cards 512 size 80 coarsen threshold 460 Card regions per heap region 1 cards per card region 4096

Heap:
 garbage-first heap   total 0K, used 0K [0x0000000701e00000, 0x0000000800000000)
  region size 2048K, 0 young (0K), 0 survivors (0K)

[error occurred during error reporting (printing heap information), id 0xc0000005, EXCEPTION_ACCESS_VIOLATION (0xc0000005) at pc=0x00007ffa67b81be9]
GC Heap History (0 events):
No events

Dll operation events (1 events):
Event: 0.006 Loaded shared library C:\Program Files\Java\jdk-21\bin\java.dll

Deoptimization events (0 events):
No events

Classes loaded (0 events):
No events

Classes unloaded (0 events):
No events

Classes redefined (0 events):
No events

Internal exceptions (0 events):
No events

ZGC Phase Switch (0 events):
No events

VM Operations (0 events):
No events

Events (0 events):
No events


Dynamic libraries:
0x00007ff73b9f0000 - 0x00007ff73ba00000 	C:\Program Files\Java\jdk-21\bin\java.exe
0x00007ffab2230000 - 0x00007ffab2427000 	C:\WINDOWS\SYSTEM32\ntdll.dll
0x00007ffab0290000 - 0x00007ffab034d000 	C:\WINDOWS\System32\KERNEL32.DLL
0x00007ffaafcd0000 - 0x00007ffaaffc6000 	C:\WINDOWS\System32\KERNELBASE.dll
0x00007ffaaffd0000 - 0x00007ffab00d0000 	C:\WINDOWS\System32\ucrtbase.dll
0x00007ffa84470000 - 0x00007ffa8448b000 	C:\Program Files\Java\jdk-21\bin\VCRUNTIME140.dll
0x00007ffa84ad0000 - 0x00007ffa84ae9000 	C:\Program Files\Java\jdk-21\bin\jli.dll
0x00007ffab1670000 - 0x00007ffab171e000 	C:\WINDOWS\System32\ADVAPI32.dll
0x00007ffab1110000 - 0x00007ffab11ae000 	C:\WINDOWS\System32\msvcrt.dll
0x00007ffab0bd0000 - 0x00007ffab0c6c000 	C:\WINDOWS\System32\sechost.dll
0x00007ffab0350000 - 0x00007ffab0476000 	C:\WINDOWS\System32\RPCRT4.dll
0x00007ffab1be0000 - 0x00007ffab1d7e000 	C:\WINDOWS\System32\USER32.dll
0x00007ffaaf910000 - 0x00007ffaaf932000 	C:\WINDOWS\System32\win32u.dll
0x00007ffa98ba0000 - 0x00007ffa98e3a000 	C:\WINDOWS\WinSxS\amd64_microsoft.windows.common-controls_6595b64144ccf1df_6.0.19041.3570_none_60bb2a3971f3e41a\COMCTL32.dll
0x00007ffab1620000 - 0x00007ffab164c000 	C:\WINDOWS\System32\GDI32.dll
0x00007ffaaf9b0000 - 0x00007ffaafaca000 	C:\WINDOWS\System32\gdi32full.dll
0x00007ffaafad0000 - 0x00007ffaafb6d000 	C:\WINDOWS\System32\msvcp_win.dll
0x00007ffaa9e80000 - 0x00007ffaa9e8a000 	C:\WINDOWS\SYSTEM32\VERSION.dll
0x00007ffab1430000 - 0x00007ffab1460000 	C:\WINDOWS\System32\IMM32.DLL
0x00007ffa95ed0000 - 0x00007ffa95edc000 	C:\Program Files\Java\jdk-21\bin\vcruntime140_1.dll
0x00007ffa7ac10000 - 0x00007ffa7ac9e000 	C:\Program Files\Java\jdk-21\bin\msvcp140.dll
0x00007ffa67460000 - 0x00007ffa68175000 	C:\Program Files\Java\jdk-21\bin\server\jvm.dll
0x00007ffab0fe0000 - 0x00007ffab104b000 	C:\WINDOWS\System32\WS2_32.dll
0x00007ffaaf6c0000 - 0x00007ffaaf70b000 	C:\WINDOWS\SYSTEM32\POWRPROF.dll
0x00007ffa9f9c0000 - 0x00007ffa9f9e7000 	C:\WINDOWS\SYSTEM32\WINMM.dll
0x00007ffaaf6a0000 - 0x00007ffaaf6b2000 	C:\WINDOWS\SYSTEM32\UMPDC.dll
0x00007ffaae120000 - 0x00007ffaae132000 	C:\WINDOWS\SYSTEM32\kernel.appcore.dll
0x00007ffa8ed00000 - 0x00007ffa8ed0a000 	C:\Program Files\Java\jdk-21\bin\jimage.dll
0x00007ffa9afb0000 - 0x00007ffa9b194000 	C:\WINDOWS\SYSTEM32\DBGHELP.DLL
0x00007ffa9af70000 - 0x00007ffa9afa4000 	C:\WINDOWS\SYSTEM32\dbgcore.DLL
0x00007ffab0180000 - 0x00007ffab0202000 	C:\WINDOWS\System32\bcryptPrimitives.dll
0x00007ffa830a0000 - 0x00007ffa830bf000 	C:\Program Files\Java\jdk-21\bin\java.dll

dbghelp: loaded successfully - version: 4.0.5 - missing functions: none
symbol engine: initialized successfully - sym options: 0x614 - pdb path: .;C:\Program Files\Java\jdk-21\bin;C:\WINDOWS\SYSTEM32;C:\WINDOWS\WinSxS\amd64_microsoft.windows.common-controls_6595b64144ccf1df_6.0.19041.3570_none_60bb2a3971f3e41a;C:\Program Files\Java\jdk-21\bin\server

VM Arguments:
jvm_args: -Dfile.encoding=UTF-8 --module-path=G:\2DAM\INTERFACES\EditorTexto\build\classes 
java_command: com.EditarTexto.EditorTexto
java_class_path (initial): G:\2DAM\INTERFACES\EditorTexto\build\classes
Launcher Type: SUN_STANDARD

[Global flags]
     intx CICompilerCount                          = 3                                         {product} {ergonomic}
     uint ConcGCThreads                            = 1                                         {product} {ergonomic}
     uint G1ConcRefinementThreads                  = 4                                         {product} {ergonomic}
   size_t G1HeapRegionSize                         = 2097152                                   {product} {ergonomic}
    uintx GCDrainStackTargetSize                   = 64                                        {product} {ergonomic}
   size_t InitialHeapSize                          = 268435456                                 {product} {ergonomic}
   size_t MarkStackSize                            = 4194304                                   {product} {ergonomic}
   size_t MaxHeapSize                              = 4263510016                                {product} {ergonomic}
   size_t MinHeapDeltaBytes                        = 2097152                                   {product} {ergonomic}
   size_t MinHeapSize                              = 8388608                                   {product} {ergonomic}
    uintx NonNMethodCodeHeapSize                   = 5832780                                {pd product} {ergonomic}
    uintx NonProfiledCodeHeapSize                  = 122912730                              {pd product} {ergonomic}
    uintx ProfiledCodeHeapSize                     = 122912730                              {pd product} {ergonomic}
    uintx ReservedCodeCacheSize                    = 251658240                              {pd product} {ergonomic}
     bool SegmentedCodeCache                       = true                                      {product} {ergonomic}
   size_t SoftMaxHeapSize                          = 4263510016                             {manageable} {ergonomic}
     bool UseCompressedOops                        = true                           {product lp64_product} {ergonomic}
     bool UseG1GC                                  = true                                      {product} {ergonomic}
     bool UseLargePagesIndividualAllocation        = false                                  {pd product} {ergonomic}

Logging:
Log output configuration:
 #0: stdout all=warning uptime,level,tags foldmultilines=false
 #1: stderr all=off uptime,level,tags foldmultilines=false

Environment Variables:
PATH=C:\Program Files\Common Files\Oracle\Java\javapath;C:\Program Files\AdoptOpenJDK\jdk-11.0.8.10-hotspot\bin;C:\Program Files (x86)\Intel\iCLS Client\;C:\Program Files\Intel\iCLS Client\;C:\WINDOWS\system32;C:\WINDOWS;C:\WINDOWS\System32\Wbem;C:\WINDOWS\System32\WindowsPowerShell\v1.0\;C:\Program Files (x86)\Intel\Intel(R) Management Engine Components\DAL;C:\Program Files\Intel\Intel(R) Management Engine Components\DAL;C:\Program Files (x86)\Intel\Intel(R) Management Engine Components\IPT;C:\Program Files\Intel\Intel(R) Management Engine Components\IPT;C:\WINDOWS\System32\OpenSSH\;C:\Program Files\Git\cmd;C:\Program Files\nodejs\;C:\Program Files\Docker\Docker\resources\bin;C:\ProgramData\DockerDesktop\version-bin;C:\Users\2dam\AppData\Local\Microsoft\WindowsApps;C:\Users\2dam\AppData\Local\Programs\Microsoft VS Code\bin;C:\Users\2dam\AppData\Local\JetBrains\Toolbox\scripts;
USERNAME=2dam
OS=Windows_NT
PROCESSOR_IDENTIFIER=Intel64 Family 6 Model 158 Stepping 9, GenuineIntel
TMP=C:\Users\2dam\AppData\Local\Temp
TEMP=C:\Users\2dam\AppData\Local\Temp




Periodic native trim disabled

---------------  S Y S T E M  ---------------

OS:
 Windows 10 , 64 bit Build 19041 (10.0.19041.3570)
OS uptime: 3 days 2:41 hours
Hyper-V role detected

CPU: total 4 (initial active 4) (4 cores per cpu, 1 threads per core) family 6 model 158 stepping 9 microcode 0xb4, cx8, cmov, fxsr, mmx, 3dnowpref, sse, sse2, sse3, ssse3, sse4.1, sse4.2, popcnt, lzcnt, tsc, tscinvbit, avx, avx2, aes, erms, clmul, bmi1, bmi2, rtm, adx, fma, vzeroupper, clflush, clflushopt, hv, rdtscp, f16c
Processor Information for all 4 processors :
  Max Mhz: 3408, Current Mhz: 3408, Mhz Limit: 3408

Memory: 4k page, system-wide physical 16263M (1181M free)
TotalPageFile size 20359M (AvailPageFile size 154M)
current process WorkingSet (physical memory assigned to process): 10M, peak: 10M
current process commit charge ("private bytes"): 52M, peak: 307M

vm_info: Java HotSpot(TM) 64-Bit Server VM (21.0.1+12-LTS-29) for windows-amd64 JRE (21.0.1+12-LTS-29), built on 2023-10-05T13:27:09Z by "mach5one" with MS VC++ 17.1 (VS2022)

END.
